<?xml version="1.0" encoding="UTF-8"?>
<testsuite xmlns:xsi="http://www.w3.org/2001/XMLSchema-instance" xsi:noNamespaceSchemaLocation="https://maven.apache.org/surefire/maven-surefire-plugin/xsd/surefire-test-report.xsd" name="com.runner.TestRunner" time="4.606" tests="5" errors="0" skipped="0" failures="0">
  <properties>
[...]
</properties>
  <testcase name="runScenario" classname="com.runner.TestRunner" time="3.056"/>
  <testcase name="runScenario" classname="com.runner.TestRunner" time="0.41"/>
  <testcase name="runScenario" classname="com.runner.TestRunner" time="0.126"/>
  <testcase name="runScenario" classname="com.runner.TestRunner" time="0.239"/>
  <testcase name="runScenario" classname="com.runner.TestRunner" time="0.133"/>
</testsuite>